<component name="libraryTable">
  <library name="junit-jupiter-params-5.0.0">
    <CLASSES>
      <root url="jar://$PROJECT_DIR$/../../JAR Files/Libraries/junit-jupiter-params-5.0.0.jar!/" />
    </CLASSES>
    <JAVADOC />
    <SOURCES />
  </library>
</component>